-------------------------------------------------------------------------------
Test set: com.reservation.api.reservation.api.FilmControllerTest
-------------------------------------------------------------------------------
Tests run: 1, Failures: 1, Errors: 0, Skipped: 0, Time elapsed: 0.104 s <<< FAILURE! - in com.reservation.api.reservation.api.FilmControllerTest
tesGetFilms  Time elapsed: 0.07 s  <<< FAILURE!
java.lang.AssertionError: Status expected:<200> but was:<500>
	at com.reservation.api.reservation.api.FilmControllerTest.tesGetFilms(FilmControllerTest.java:27)

