<?xml version="1.0" encoding="UTF-8"?>
<testsuite xmlns:xsi="http://www.w3.org/2001/XMLSchema-instance" xsi:noNamespaceSchemaLocation="https://maven.apache.org/surefire/maven-surefire-plugin/xsd/surefire-test-report.xsd" name="com.reservation.api.reservation.api.ClientControllerTest" time="0.074" tests="1" errors="0" skipped="0" failures="1">
  <properties>
[...]
</properties>
  <testcase name="testGetEmployees" classname="com.reservation.api.reservation.api.ClientControllerTest" time="0.033">
    <failure message="Status expected:&lt;200&gt; but was:&lt;404&gt;" type="java.lang.AssertionError"><![CDATA[java.lang.AssertionError: Status expected:<200> but was:<404>
	at com.reservation.api.reservation.api.ClientControllerTest.testGetEmployees(ClientControllerTest.java:29)
]]></failure>
    <system-out><![CDATA[2022-12-11 18:17:23.628  INFO 4496 --- [           main] .b.t.c.SpringBootTestContextBootstrapper : Neither @ContextConfiguration nor @ContextHierarchy found for test class [com.reservation.api.reservation.api.ClientControllerTest], using SpringBootContextLoader
2022-12-11 18:17:23.629  INFO 4496 --- [           main] o.s.t.c.support.AbstractContextLoader    : Could not detect default resource locations for test class [com.reservation.api.reservation.api.ClientControllerTest]: no resource found for suffixes {-context.xml, Context.groovy}.
2022-12-11 18:17:23.631  INFO 4496 --- [           main] t.c.s.AnnotationConfigContextLoaderUtils : Could not detect default configuration classes for test class [com.reservation.api.reservation.api.ClientControllerTest]: ClientControllerTest does not declare any static, non-private, non-final, nested classes annotated with @Configuration.
2022-12-11 18:17:23.636  INFO 4496 --- [           main] .b.t.c.SpringBootTestContextBootstrapper : Found @SpringBootConfiguration com.reservation.api.reservation.api.Application for test class com.reservation.api.reservation.api.ClientControllerTest
2022-12-11 18:17:23.643  INFO 4496 --- [           main] .b.t.c.SpringBootTestContextBootstrapper : Loaded default TestExecutionListener class names from location [META-INF/spring.factories]: [org.springframework.boot.test.mock.mockito.MockitoTestExecutionListener, org.springframework.boot.test.mock.mockito.ResetMocksTestExecutionListener, org.springframework.boot.test.autoconfigure.restdocs.RestDocsTestExecutionListener, org.springframework.boot.test.autoconfigure.web.client.MockRestServiceServerResetTestExecutionListener, org.springframework.boot.test.autoconfigure.web.servlet.MockMvcPrintOnlyOnFailureTestExecutionListener, org.springframework.boot.test.autoconfigure.web.servlet.WebDriverTestExecutionListener, org.springframework.boot.test.autoconfigure.webservices.client.MockWebServiceServerTestExecutionListener, org.springframework.test.context.web.ServletTestExecutionListener, org.springframework.test.context.support.DirtiesContextBeforeModesTestExecutionListener, org.springframework.test.context.event.ApplicationEventsTestExecutionListener, org.springframework.test.context.support.DependencyInjectionTestExecutionListener, org.springframework.test.context.support.DirtiesContextTestExecutionListener, org.springframework.test.context.transaction.TransactionalTestExecutionListener, org.springframework.test.context.jdbc.SqlScriptsTestExecutionListener, org.springframework.test.context.event.EventPublishingTestExecutionListener]
2022-12-11 18:17:23.682  INFO 4496 --- [           main] .b.t.c.SpringBootTestContextBootstrapper : Using TestExecutionListeners: [org.springframework.test.context.web.ServletTestExecutionListener@130bd00e, org.springframework.test.context.support.DirtiesContextBeforeModesTestExecutionListener@4eb69e8d, org.springframework.test.context.event.ApplicationEventsTestExecutionListener@78fd1179, org.springframework.boot.test.mock.mockito.MockitoTestExecutionListener@13cec4ff, org.springframework.boot.test.autoconfigure.SpringBootDependencyInjectionTestExecutionListener@5e08ed28, org.springframework.test.context.support.DirtiesContextTestExecutionListener@24b05292, org.springframework.test.context.transaction.TransactionalTestExecutionListener@34d6e9a4, org.springframework.test.context.jdbc.SqlScriptsTestExecutionListener@515a2afd, org.springframework.test.context.event.EventPublishingTestExecutionListener@4822fc53, org.springframework.boot.test.mock.mockito.ResetMocksTestExecutionListener@6e200307, org.springframework.boot.test.autoconfigure.restdocs.RestDocsTestExecutionListener@6db84cae, org.springframework.boot.test.autoconfigure.web.client.MockRestServiceServerResetTestExecutionListener@6db59e26, org.springframework.boot.test.autoconfigure.web.servlet.MockMvcPrintOnlyOnFailureTestExecutionListener@32aa27a7, org.springframework.boot.test.autoconfigure.web.servlet.WebDriverTestExecutionListener@5c7c22ce, org.springframework.boot.test.autoconfigure.webservices.client.MockWebServiceServerTestExecutionListener@738ed8d3]

MockHttpServletRequest:
      HTTP Method = GET
      Request URI = /employees
       Parameters = {}
          Headers = []
             Body = null
    Session Attrs = {}

Handler:
             Type = org.springframework.web.servlet.resource.ResourceHttpRequestHandler

Async:
    Async started = false
     Async result = null

Resolved Exception:
             Type = null

ModelAndView:
        View name = null
             View = null
            Model = null

FlashMap:
       Attributes = null

MockHttpServletResponse:
           Status = 404
    Error message = null
          Headers = [Vary:"Origin", "Access-Control-Request-Method", "Access-Control-Request-Headers"]
     Content type = null
             Body = 
    Forwarded URL = null
   Redirected URL = null
          Cookies = []
]]></system-out>
  </testcase>
</testsuite>